2024-04-20 12:59:53.788 [I] [frps/root.go:105] frps uses config file: .\frps.toml
2024-04-20 12:59:54.059 [I] [server/service.go:237] frps tcp listen on 0.0.0.0:7000
2024-04-20 12:59:54.059 [I] [frps/root.go:114] frps started successfully
2024-04-20 12:59:54.059 [I] [server/service.go:350] dashboard listen on 0.0.0.0:7500
2024-04-20 13:00:32.196 [I] [server/service.go:575] [56d917188b00aa72] client login info: ip [192.168.3.75:1047] version [0.57.0] hostname [] os [windows] arch [amd64]
2024-04-20 13:00:34.485 [I] [server/control.go:359] [56d917188b00aa72] client exit success
2024-04-20 13:00:37.534 [I] [server/service.go:575] [186b658174978f91] client login info: ip [192.168.3.75:1048] version [0.57.0] hostname [] os [windows] arch [amd64]
2024-04-20 13:00:45.251 [I] [server/control.go:359] [186b658174978f91] client exit success
2024-04-20 13:01:10.860 [I] [server/service.go:575] [ce2f25b6d290883c] client login info: ip [192.168.3.75:1054] version [0.57.0] hostname [] os [windows] arch [amd64]
2024-04-20 13:01:10.880 [I] [proxy/tcp.go:82] [ce2f25b6d290883c] [[proxy]] tcp proxy listen port [13389]
2024-04-20 13:01:10.881 [I] [server/control.go:401] [ce2f25b6d290883c] new proxy [[proxy]] type [tcp] success
2024-04-20 13:01:12.991 [I] [proxy/proxy.go:115] [ce2f25b6d290883c] [[proxy]] proxy closing
2024-04-20 13:01:12.992 [W] [proxy/proxy.go:201] [ce2f25b6d290883c] [[proxy]] listener is closed: accept tcp [::]:13389: use of closed network connection
2024-04-20 13:01:12.992 [I] [server/control.go:359] [ce2f25b6d290883c] client exit success
2024-04-20 13:01:15.108 [I] [server/service.go:575] [8b8fbbb37082ee7c] client login info: ip [192.168.3.75:1062] version [0.57.0] hostname [] os [windows] arch [amd64]
2024-04-20 13:01:15.133 [I] [proxy/tcp.go:82] [8b8fbbb37082ee7c] [[proxy]] tcp proxy listen port [13389]
2024-04-20 13:01:15.133 [I] [server/control.go:401] [8b8fbbb37082ee7c] new proxy [[proxy]] type [tcp] success
2024-04-20 13:01:48.928 [I] [proxy/proxy.go:204] [8b8fbbb37082ee7c] [[proxy]] get a user connection [192.168.3.75:1083]
2024-04-20 13:01:58.194 [I] [proxy/proxy.go:204] [8b8fbbb37082ee7c] [[proxy]] get a user connection [192.168.3.75:1087]
2024-04-20 13:02:06.922 [I] [proxy/proxy.go:204] [8b8fbbb37082ee7c] [[proxy]] get a user connection [192.168.3.75:1089]
2024-04-20 13:03:03.159 [I] [server/service.go:575] [5b5a2248003bf478] client login info: ip [192.168.3.118:48510] version [0.57.0] hostname [] os [windows] arch [amd64]
2024-04-20 13:03:03.163 [W] [server/control.go:396] [5b5a2248003bf478] new proxy [[proxy]] type [tcp] error: proxy [[proxy]] already exists
2024-04-20 13:03:18.141 [I] [proxy/proxy.go:204] [8b8fbbb37082ee7c] [[proxy]] get a user connection [192.168.3.75:1104]
2024-04-20 13:03:21.557 [I] [proxy/proxy.go:204] [8b8fbbb37082ee7c] [[proxy]] get a user connection [192.168.3.75:1107]
2024-04-20 13:03:33.232 [W] [server/control.go:396] [5b5a2248003bf478] new proxy [[proxy]] type [tcp] error: proxy [[proxy]] already exists
2024-04-20 13:03:46.254 [I] [proxy/proxy.go:204] [8b8fbbb37082ee7c] [[proxy]] get a user connection [192.168.3.75:1110]
2024-04-20 13:04:03.317 [W] [server/control.go:396] [5b5a2248003bf478] new proxy [[proxy]] type [tcp] error: proxy [[proxy]] already exists
2024-04-20 13:04:33.414 [W] [server/control.go:396] [5b5a2248003bf478] new proxy [[proxy]] type [tcp] error: proxy [[proxy]] already exists
2024-04-20 13:05:03.501 [W] [server/control.go:396] [5b5a2248003bf478] new proxy [[proxy]] type [tcp] error: proxy [[proxy]] already exists
2024-04-20 13:05:33.576 [W] [server/control.go:396] [5b5a2248003bf478] new proxy [[proxy]] type [tcp] error: proxy [[proxy]] already exists
2024-04-20 13:06:03.664 [W] [server/control.go:396] [5b5a2248003bf478] new proxy [[proxy]] type [tcp] error: proxy [[proxy]] already exists
2024-04-20 13:06:33.731 [W] [server/control.go:396] [5b5a2248003bf478] new proxy [[proxy]] type [tcp] error: proxy [[proxy]] already exists
2024-04-20 13:07:03.833 [W] [server/control.go:396] [5b5a2248003bf478] new proxy [[proxy]] type [tcp] error: proxy [[proxy]] already exists
2024-04-20 13:07:33.890 [W] [server/control.go:396] [5b5a2248003bf478] new proxy [[proxy]] type [tcp] error: proxy [[proxy]] already exists
2024-04-20 13:08:03.967 [W] [server/control.go:396] [5b5a2248003bf478] new proxy [[proxy]] type [tcp] error: proxy [[proxy]] already exists
2024-04-20 13:08:34.080 [W] [server/control.go:396] [5b5a2248003bf478] new proxy [[proxy]] type [tcp] error: proxy [[proxy]] already exists
2024-04-20 13:09:04.173 [W] [server/control.go:396] [5b5a2248003bf478] new proxy [[proxy]] type [tcp] error: proxy [[proxy]] already exists
2024-04-20 13:09:34.250 [W] [server/control.go:396] [5b5a2248003bf478] new proxy [[proxy]] type [tcp] error: proxy [[proxy]] already exists
2024-04-20 13:10:04.335 [W] [server/control.go:396] [5b5a2248003bf478] new proxy [[proxy]] type [tcp] error: proxy [[proxy]] already exists
2024-04-20 13:10:34.405 [W] [server/control.go:396] [5b5a2248003bf478] new proxy [[proxy]] type [tcp] error: proxy [[proxy]] already exists
2024-04-20 13:11:04.469 [W] [server/control.go:396] [5b5a2248003bf478] new proxy [[proxy]] type [tcp] error: proxy [[proxy]] already exists
2024-04-20 13:11:34.538 [W] [server/control.go:396] [5b5a2248003bf478] new proxy [[proxy]] type [tcp] error: proxy [[proxy]] already exists
2024-04-20 13:12:04.613 [W] [server/control.go:396] [5b5a2248003bf478] new proxy [[proxy]] type [tcp] error: proxy [[proxy]] already exists
2024-04-20 13:12:34.711 [W] [server/control.go:396] [5b5a2248003bf478] new proxy [[proxy]] type [tcp] error: proxy [[proxy]] already exists
2024-04-20 13:13:04.810 [W] [server/control.go:396] [5b5a2248003bf478] new proxy [[proxy]] type [tcp] error: proxy [[proxy]] already exists
2024-04-20 13:13:34.892 [W] [server/control.go:396] [5b5a2248003bf478] new proxy [[proxy]] type [tcp] error: proxy [[proxy]] already exists
2024-04-20 13:14:04.976 [W] [server/control.go:396] [5b5a2248003bf478] new proxy [[proxy]] type [tcp] error: proxy [[proxy]] already exists
2024-04-20 13:14:35.051 [W] [server/control.go:396] [5b5a2248003bf478] new proxy [[proxy]] type [tcp] error: proxy [[proxy]] already exists
2024-04-20 13:15:05.143 [W] [server/control.go:396] [5b5a2248003bf478] new proxy [[proxy]] type [tcp] error: proxy [[proxy]] already exists
2024-04-20 13:15:35.228 [W] [server/control.go:396] [5b5a2248003bf478] new proxy [[proxy]] type [tcp] error: proxy [[proxy]] already exists
2024-04-20 13:16:05.318 [W] [server/control.go:396] [5b5a2248003bf478] new proxy [[proxy]] type [tcp] error: proxy [[proxy]] already exists
2024-04-20 13:16:35.421 [W] [server/control.go:396] [5b5a2248003bf478] new proxy [[proxy]] type [tcp] error: proxy [[proxy]] already exists
2024-04-20 13:17:05.497 [W] [server/control.go:396] [5b5a2248003bf478] new proxy [[proxy]] type [tcp] error: proxy [[proxy]] already exists
2024-04-20 13:17:35.564 [W] [server/control.go:396] [5b5a2248003bf478] new proxy [[proxy]] type [tcp] error: proxy [[proxy]] already exists
2024-04-20 13:18:05.663 [W] [server/control.go:396] [5b5a2248003bf478] new proxy [[proxy]] type [tcp] error: proxy [[proxy]] already exists
2024-04-20 13:18:35.744 [W] [server/control.go:396] [5b5a2248003bf478] new proxy [[proxy]] type [tcp] error: proxy [[proxy]] already exists
2024-04-20 13:19:05.833 [W] [server/control.go:396] [5b5a2248003bf478] new proxy [[proxy]] type [tcp] error: proxy [[proxy]] already exists
2024-04-20 13:19:35.934 [W] [server/control.go:396] [5b5a2248003bf478] new proxy [[proxy]] type [tcp] error: proxy [[proxy]] already exists
2024-04-20 13:20:06.023 [W] [server/control.go:396] [5b5a2248003bf478] new proxy [[proxy]] type [tcp] error: proxy [[proxy]] already exists
2024-04-20 13:20:36.099 [W] [server/control.go:396] [5b5a2248003bf478] new proxy [[proxy]] type [tcp] error: proxy [[proxy]] already exists
2024-04-20 13:21:06.186 [W] [server/control.go:396] [5b5a2248003bf478] new proxy [[proxy]] type [tcp] error: proxy [[proxy]] already exists
2024-04-20 13:21:36.276 [W] [server/control.go:396] [5b5a2248003bf478] new proxy [[proxy]] type [tcp] error: proxy [[proxy]] already exists
2024-04-20 13:22:06.356 [W] [server/control.go:396] [5b5a2248003bf478] new proxy [[proxy]] type [tcp] error: proxy [[proxy]] already exists
2024-04-20 13:22:36.442 [W] [server/control.go:396] [5b5a2248003bf478] new proxy [[proxy]] type [tcp] error: proxy [[proxy]] already exists
2024-04-20 13:23:06.557 [W] [server/control.go:396] [5b5a2248003bf478] new proxy [[proxy]] type [tcp] error: proxy [[proxy]] already exists
2024-04-20 13:23:36.661 [W] [server/control.go:396] [5b5a2248003bf478] new proxy [[proxy]] type [tcp] error: proxy [[proxy]] already exists
2024-04-20 13:24:06.749 [W] [server/control.go:396] [5b5a2248003bf478] new proxy [[proxy]] type [tcp] error: proxy [[proxy]] already exists
2024-04-20 13:24:36.834 [W] [server/control.go:396] [5b5a2248003bf478] new proxy [[proxy]] type [tcp] error: proxy [[proxy]] already exists
2024-04-20 13:25:06.927 [W] [server/control.go:396] [5b5a2248003bf478] new proxy [[proxy]] type [tcp] error: proxy [[proxy]] already exists
2024-04-20 13:25:37.030 [W] [server/control.go:396] [5b5a2248003bf478] new proxy [[proxy]] type [tcp] error: proxy [[proxy]] already exists
2024-04-20 13:26:07.123 [W] [server/control.go:396] [5b5a2248003bf478] new proxy [[proxy]] type [tcp] error: proxy [[proxy]] already exists
2024-04-20 13:26:37.207 [W] [server/control.go:396] [5b5a2248003bf478] new proxy [[proxy]] type [tcp] error: proxy [[proxy]] already exists
2024-04-20 13:27:07.284 [W] [server/control.go:396] [5b5a2248003bf478] new proxy [[proxy]] type [tcp] error: proxy [[proxy]] already exists
2024-04-20 13:27:37.349 [W] [server/control.go:396] [5b5a2248003bf478] new proxy [[proxy]] type [tcp] error: proxy [[proxy]] already exists
2024-04-20 13:28:07.434 [W] [server/control.go:396] [5b5a2248003bf478] new proxy [[proxy]] type [tcp] error: proxy [[proxy]] already exists
2024-04-20 13:28:37.501 [W] [server/control.go:396] [5b5a2248003bf478] new proxy [[proxy]] type [tcp] error: proxy [[proxy]] already exists
2024-04-20 13:29:07.610 [W] [server/control.go:396] [5b5a2248003bf478] new proxy [[proxy]] type [tcp] error: proxy [[proxy]] already exists
2024-04-20 13:29:37.696 [W] [server/control.go:396] [5b5a2248003bf478] new proxy [[proxy]] type [tcp] error: proxy [[proxy]] already exists
2024-04-20 13:30:07.749 [W] [server/control.go:396] [5b5a2248003bf478] new proxy [[proxy]] type [tcp] error: proxy [[proxy]] already exists
2024-04-20 13:30:37.813 [W] [server/control.go:396] [5b5a2248003bf478] new proxy [[proxy]] type [tcp] error: proxy [[proxy]] already exists
2024-04-20 13:31:07.921 [W] [server/control.go:396] [5b5a2248003bf478] new proxy [[proxy]] type [tcp] error: proxy [[proxy]] already exists
2024-04-20 13:31:38.006 [W] [server/control.go:396] [5b5a2248003bf478] new proxy [[proxy]] type [tcp] error: proxy [[proxy]] already exists
2024-04-20 13:32:08.095 [W] [server/control.go:396] [5b5a2248003bf478] new proxy [[proxy]] type [tcp] error: proxy [[proxy]] already exists
2024-04-20 13:32:38.185 [W] [server/control.go:396] [5b5a2248003bf478] new proxy [[proxy]] type [tcp] error: proxy [[proxy]] already exists
2024-04-20 13:33:08.282 [W] [server/control.go:396] [5b5a2248003bf478] new proxy [[proxy]] type [tcp] error: proxy [[proxy]] already exists
2024-04-20 13:33:38.364 [W] [server/control.go:396] [5b5a2248003bf478] new proxy [[proxy]] type [tcp] error: proxy [[proxy]] already exists
2024-04-20 13:34:08.471 [W] [server/control.go:396] [5b5a2248003bf478] new proxy [[proxy]] type [tcp] error: proxy [[proxy]] already exists
2024-04-20 13:34:38.538 [W] [server/control.go:396] [5b5a2248003bf478] new proxy [[proxy]] type [tcp] error: proxy [[proxy]] already exists
2024-04-20 13:35:08.607 [W] [server/control.go:396] [5b5a2248003bf478] new proxy [[proxy]] type [tcp] error: proxy [[proxy]] already exists
2024-04-20 13:35:38.694 [W] [server/control.go:396] [5b5a2248003bf478] new proxy [[proxy]] type [tcp] error: proxy [[proxy]] already exists
2024-04-20 13:36:08.781 [W] [server/control.go:396] [5b5a2248003bf478] new proxy [[proxy]] type [tcp] error: proxy [[proxy]] already exists
2024-04-20 13:36:38.886 [W] [server/control.go:396] [5b5a2248003bf478] new proxy [[proxy]] type [tcp] error: proxy [[proxy]] already exists
2024-04-20 13:37:08.948 [W] [server/control.go:396] [5b5a2248003bf478] new proxy [[proxy]] type [tcp] error: proxy [[proxy]] already exists
2024-04-20 13:37:39.032 [W] [server/control.go:396] [5b5a2248003bf478] new proxy [[proxy]] type [tcp] error: proxy [[proxy]] already exists
2024-04-20 13:38:09.105 [W] [server/control.go:396] [5b5a2248003bf478] new proxy [[proxy]] type [tcp] error: proxy [[proxy]] already exists
2024-04-20 13:38:39.205 [W] [server/control.go:396] [5b5a2248003bf478] new proxy [[proxy]] type [tcp] error: proxy [[proxy]] already exists
2024-04-20 13:39:09.286 [W] [server/control.go:396] [5b5a2248003bf478] new proxy [[proxy]] type [tcp] error: proxy [[proxy]] already exists
2024-04-20 13:39:39.368 [W] [server/control.go:396] [5b5a2248003bf478] new proxy [[proxy]] type [tcp] error: proxy [[proxy]] already exists
2024-04-20 13:40:09.471 [W] [server/control.go:396] [5b5a2248003bf478] new proxy [[proxy]] type [tcp] error: proxy [[proxy]] already exists
2024-04-20 13:40:39.567 [W] [server/control.go:396] [5b5a2248003bf478] new proxy [[proxy]] type [tcp] error: proxy [[proxy]] already exists
2024-04-20 13:41:09.645 [W] [server/control.go:396] [5b5a2248003bf478] new proxy [[proxy]] type [tcp] error: proxy [[proxy]] already exists
2024-04-20 13:41:39.737 [W] [server/control.go:396] [5b5a2248003bf478] new proxy [[proxy]] type [tcp] error: proxy [[proxy]] already exists
2024-04-20 13:42:09.837 [W] [server/control.go:396] [5b5a2248003bf478] new proxy [[proxy]] type [tcp] error: proxy [[proxy]] already exists
2024-04-20 13:42:39.914 [W] [server/control.go:396] [5b5a2248003bf478] new proxy [[proxy]] type [tcp] error: proxy [[proxy]] already exists
2024-04-20 13:43:10.004 [W] [server/control.go:396] [5b5a2248003bf478] new proxy [[proxy]] type [tcp] error: proxy [[proxy]] already exists
2024-04-20 13:43:40.100 [W] [server/control.go:396] [5b5a2248003bf478] new proxy [[proxy]] type [tcp] error: proxy [[proxy]] already exists
2024-04-20 13:44:10.173 [W] [server/control.go:396] [5b5a2248003bf478] new proxy [[proxy]] type [tcp] error: proxy [[proxy]] already exists
2024-04-20 13:44:40.276 [W] [server/control.go:396] [5b5a2248003bf478] new proxy [[proxy]] type [tcp] error: proxy [[proxy]] already exists
2024-04-20 13:45:10.369 [W] [server/control.go:396] [5b5a2248003bf478] new proxy [[proxy]] type [tcp] error: proxy [[proxy]] already exists
2024-04-20 13:45:40.455 [W] [server/control.go:396] [5b5a2248003bf478] new proxy [[proxy]] type [tcp] error: proxy [[proxy]] already exists
2024-04-20 13:46:10.527 [W] [server/control.go:396] [5b5a2248003bf478] new proxy [[proxy]] type [tcp] error: proxy [[proxy]] already exists
2024-04-20 13:46:40.631 [W] [server/control.go:396] [5b5a2248003bf478] new proxy [[proxy]] type [tcp] error: proxy [[proxy]] already exists
2024-04-20 13:47:10.719 [W] [server/control.go:396] [5b5a2248003bf478] new proxy [[proxy]] type [tcp] error: proxy [[proxy]] already exists
2024-04-20 13:47:40.824 [W] [server/control.go:396] [5b5a2248003bf478] new proxy [[proxy]] type [tcp] error: proxy [[proxy]] already exists
2024-04-20 13:48:10.914 [W] [server/control.go:396] [5b5a2248003bf478] new proxy [[proxy]] type [tcp] error: proxy [[proxy]] already exists
2024-04-20 13:48:40.973 [W] [server/control.go:396] [5b5a2248003bf478] new proxy [[proxy]] type [tcp] error: proxy [[proxy]] already exists
2024-04-20 13:49:11.077 [W] [server/control.go:396] [5b5a2248003bf478] new proxy [[proxy]] type [tcp] error: proxy [[proxy]] already exists
2024-04-20 13:49:41.169 [W] [server/control.go:396] [5b5a2248003bf478] new proxy [[proxy]] type [tcp] error: proxy [[proxy]] already exists
2024-04-20 13:50:11.260 [W] [server/control.go:396] [5b5a2248003bf478] new proxy [[proxy]] type [tcp] error: proxy [[proxy]] already exists
2024-04-20 13:50:41.354 [W] [server/control.go:396] [5b5a2248003bf478] new proxy [[proxy]] type [tcp] error: proxy [[proxy]] already exists
2024-04-20 13:51:11.436 [W] [server/control.go:396] [5b5a2248003bf478] new proxy [[proxy]] type [tcp] error: proxy [[proxy]] already exists
2024-04-20 13:51:41.515 [W] [server/control.go:396] [5b5a2248003bf478] new proxy [[proxy]] type [tcp] error: proxy [[proxy]] already exists
2024-04-20 13:52:11.606 [W] [server/control.go:396] [5b5a2248003bf478] new proxy [[proxy]] type [tcp] error: proxy [[proxy]] already exists
2024-04-20 13:52:41.688 [W] [server/control.go:396] [5b5a2248003bf478] new proxy [[proxy]] type [tcp] error: proxy [[proxy]] already exists
2024-04-20 13:53:11.790 [W] [server/control.go:396] [5b5a2248003bf478] new proxy [[proxy]] type [tcp] error: proxy [[proxy]] already exists
2024-04-20 13:53:41.902 [W] [server/control.go:396] [5b5a2248003bf478] new proxy [[proxy]] type [tcp] error: proxy [[proxy]] already exists
2024-04-20 13:54:11.993 [W] [server/control.go:396] [5b5a2248003bf478] new proxy [[proxy]] type [tcp] error: proxy [[proxy]] already exists
2024-04-20 13:54:42.054 [W] [server/control.go:396] [5b5a2248003bf478] new proxy [[proxy]] type [tcp] error: proxy [[proxy]] already exists
2024-04-20 13:55:12.142 [W] [server/control.go:396] [5b5a2248003bf478] new proxy [[proxy]] type [tcp] error: proxy [[proxy]] already exists
2024-04-20 13:55:42.230 [W] [server/control.go:396] [5b5a2248003bf478] new proxy [[proxy]] type [tcp] error: proxy [[proxy]] already exists
2024-04-20 13:56:12.314 [W] [server/control.go:396] [5b5a2248003bf478] new proxy [[proxy]] type [tcp] error: proxy [[proxy]] already exists
2024-04-20 13:56:42.416 [W] [server/control.go:396] [5b5a2248003bf478] new proxy [[proxy]] type [tcp] error: proxy [[proxy]] already exists
2024-04-20 13:57:12.491 [W] [server/control.go:396] [5b5a2248003bf478] new proxy [[proxy]] type [tcp] error: proxy [[proxy]] already exists
2024-04-20 13:57:42.567 [W] [server/control.go:396] [5b5a2248003bf478] new proxy [[proxy]] type [tcp] error: proxy [[proxy]] already exists
2024-04-20 13:58:12.660 [W] [server/control.go:396] [5b5a2248003bf478] new proxy [[proxy]] type [tcp] error: proxy [[proxy]] already exists
2024-04-20 13:58:42.750 [W] [server/control.go:396] [5b5a2248003bf478] new proxy [[proxy]] type [tcp] error: proxy [[proxy]] already exists
2024-04-20 13:59:12.868 [W] [server/control.go:396] [5b5a2248003bf478] new proxy [[proxy]] type [tcp] error: proxy [[proxy]] already exists
2024-04-20 13:59:42.946 [W] [server/control.go:396] [5b5a2248003bf478] new proxy [[proxy]] type [tcp] error: proxy [[proxy]] already exists
2024-04-20 14:00:13.026 [W] [server/control.go:396] [5b5a2248003bf478] new proxy [[proxy]] type [tcp] error: proxy [[proxy]] already exists
2024-04-20 14:00:43.114 [W] [server/control.go:396] [5b5a2248003bf478] new proxy [[proxy]] type [tcp] error: proxy [[proxy]] already exists
2024-04-20 14:01:13.206 [W] [server/control.go:396] [5b5a2248003bf478] new proxy [[proxy]] type [tcp] error: proxy [[proxy]] already exists
2024-04-20 14:01:43.307 [W] [server/control.go:396] [5b5a2248003bf478] new proxy [[proxy]] type [tcp] error: proxy [[proxy]] already exists
2024-04-20 14:02:13.377 [W] [server/control.go:396] [5b5a2248003bf478] new proxy [[proxy]] type [tcp] error: proxy [[proxy]] already exists
2024-04-20 14:02:43.466 [W] [server/control.go:396] [5b5a2248003bf478] new proxy [[proxy]] type [tcp] error: proxy [[proxy]] already exists
2024-04-20 14:03:13.553 [W] [server/control.go:396] [5b5a2248003bf478] new proxy [[proxy]] type [tcp] error: proxy [[proxy]] already exists
2024-04-20 14:03:43.629 [W] [server/control.go:396] [5b5a2248003bf478] new proxy [[proxy]] type [tcp] error: proxy [[proxy]] already exists
2024-04-20 14:04:13.713 [W] [server/control.go:396] [5b5a2248003bf478] new proxy [[proxy]] type [tcp] error: proxy [[proxy]] already exists
2024-04-20 14:04:43.805 [W] [server/control.go:396] [5b5a2248003bf478] new proxy [[proxy]] type [tcp] error: proxy [[proxy]] already exists
2024-04-20 14:05:13.888 [W] [server/control.go:396] [5b5a2248003bf478] new proxy [[proxy]] type [tcp] error: proxy [[proxy]] already exists
2024-04-20 14:05:43.971 [W] [server/control.go:396] [5b5a2248003bf478] new proxy [[proxy]] type [tcp] error: proxy [[proxy]] already exists
2024-04-20 14:06:14.054 [W] [server/control.go:396] [5b5a2248003bf478] new proxy [[proxy]] type [tcp] error: proxy [[proxy]] already exists
2024-04-20 14:06:44.143 [W] [server/control.go:396] [5b5a2248003bf478] new proxy [[proxy]] type [tcp] error: proxy [[proxy]] already exists
2024-04-20 14:07:14.235 [W] [server/control.go:396] [5b5a2248003bf478] new proxy [[proxy]] type [tcp] error: proxy [[proxy]] already exists
2024-04-20 14:07:44.346 [W] [server/control.go:396] [5b5a2248003bf478] new proxy [[proxy]] type [tcp] error: proxy [[proxy]] already exists
2024-04-20 14:08:14.445 [W] [server/control.go:396] [5b5a2248003bf478] new proxy [[proxy]] type [tcp] error: proxy [[proxy]] already exists
2024-04-20 14:08:44.514 [W] [server/control.go:396] [5b5a2248003bf478] new proxy [[proxy]] type [tcp] error: proxy [[proxy]] already exists
2024-04-20 14:09:14.595 [W] [server/control.go:396] [5b5a2248003bf478] new proxy [[proxy]] type [tcp] error: proxy [[proxy]] already exists
2024-04-20 14:09:44.688 [W] [server/control.go:396] [5b5a2248003bf478] new proxy [[proxy]] type [tcp] error: proxy [[proxy]] already exists
2024-04-20 14:10:14.770 [W] [server/control.go:396] [5b5a2248003bf478] new proxy [[proxy]] type [tcp] error: proxy [[proxy]] already exists
2024-04-20 14:10:44.846 [W] [server/control.go:396] [5b5a2248003bf478] new proxy [[proxy]] type [tcp] error: proxy [[proxy]] already exists
2024-04-20 14:11:14.943 [W] [server/control.go:396] [5b5a2248003bf478] new proxy [[proxy]] type [tcp] error: proxy [[proxy]] already exists
2024-04-20 14:11:45.017 [W] [server/control.go:396] [5b5a2248003bf478] new proxy [[proxy]] type [tcp] error: proxy [[proxy]] already exists
2024-04-20 14:12:15.113 [W] [server/control.go:396] [5b5a2248003bf478] new proxy [[proxy]] type [tcp] error: proxy [[proxy]] already exists
2024-04-20 14:12:45.203 [W] [server/control.go:396] [5b5a2248003bf478] new proxy [[proxy]] type [tcp] error: proxy [[proxy]] already exists
2024-04-20 14:13:15.260 [W] [server/control.go:396] [5b5a2248003bf478] new proxy [[proxy]] type [tcp] error: proxy [[proxy]] already exists
2024-04-20 14:13:45.332 [W] [server/control.go:396] [5b5a2248003bf478] new proxy [[proxy]] type [tcp] error: proxy [[proxy]] already exists
2024-04-20 14:14:15.422 [W] [server/control.go:396] [5b5a2248003bf478] new proxy [[proxy]] type [tcp] error: proxy [[proxy]] already exists
2024-04-20 14:14:45.525 [W] [server/control.go:396] [5b5a2248003bf478] new proxy [[proxy]] type [tcp] error: proxy [[proxy]] already exists
2024-04-20 14:15:15.585 [W] [server/control.go:396] [5b5a2248003bf478] new proxy [[proxy]] type [tcp] error: proxy [[proxy]] already exists
2024-04-20 14:15:45.666 [W] [server/control.go:396] [5b5a2248003bf478] new proxy [[proxy]] type [tcp] error: proxy [[proxy]] already exists
2024-04-20 14:16:15.765 [W] [server/control.go:396] [5b5a2248003bf478] new proxy [[proxy]] type [tcp] error: proxy [[proxy]] already exists
2024-04-20 14:16:45.809 [W] [server/control.go:396] [5b5a2248003bf478] new proxy [[proxy]] type [tcp] error: proxy [[proxy]] already exists
2024-04-20 14:17:15.890 [W] [server/control.go:396] [5b5a2248003bf478] new proxy [[proxy]] type [tcp] error: proxy [[proxy]] already exists
2024-04-20 14:17:45.955 [W] [server/control.go:396] [5b5a2248003bf478] new proxy [[proxy]] type [tcp] error: proxy [[proxy]] already exists
2024-04-20 14:18:16.038 [W] [server/control.go:396] [5b5a2248003bf478] new proxy [[proxy]] type [tcp] error: proxy [[proxy]] already exists
2024-04-20 14:18:46.130 [W] [server/control.go:396] [5b5a2248003bf478] new proxy [[proxy]] type [tcp] error: proxy [[proxy]] already exists
2024-04-20 14:19:16.194 [W] [server/control.go:396] [5b5a2248003bf478] new proxy [[proxy]] type [tcp] error: proxy [[proxy]] already exists
2024-04-20 14:19:46.269 [W] [server/control.go:396] [5b5a2248003bf478] new proxy [[proxy]] type [tcp] error: proxy [[proxy]] already exists
2024-04-20 14:20:16.345 [W] [server/control.go:396] [5b5a2248003bf478] new proxy [[proxy]] type [tcp] error: proxy [[proxy]] already exists
2024-04-20 14:20:46.428 [W] [server/control.go:396] [5b5a2248003bf478] new proxy [[proxy]] type [tcp] error: proxy [[proxy]] already exists
2024-04-20 14:21:16.520 [W] [server/control.go:396] [5b5a2248003bf478] new proxy [[proxy]] type [tcp] error: proxy [[proxy]] already exists
2024-04-20 14:21:46.619 [W] [server/control.go:396] [5b5a2248003bf478] new proxy [[proxy]] type [tcp] error: proxy [[proxy]] already exists
2024-04-20 14:22:16.718 [W] [server/control.go:396] [5b5a2248003bf478] new proxy [[proxy]] type [tcp] error: proxy [[proxy]] already exists
2024-04-20 14:22:46.810 [W] [server/control.go:396] [5b5a2248003bf478] new proxy [[proxy]] type [tcp] error: proxy [[proxy]] already exists
2024-04-20 14:23:16.884 [W] [server/control.go:396] [5b5a2248003bf478] new proxy [[proxy]] type [tcp] error: proxy [[proxy]] already exists
2024-04-20 14:23:46.962 [W] [server/control.go:396] [5b5a2248003bf478] new proxy [[proxy]] type [tcp] error: proxy [[proxy]] already exists
2024-04-20 14:24:17.030 [W] [server/control.go:396] [5b5a2248003bf478] new proxy [[proxy]] type [tcp] error: proxy [[proxy]] already exists
2024-04-20 14:24:47.101 [W] [server/control.go:396] [5b5a2248003bf478] new proxy [[proxy]] type [tcp] error: proxy [[proxy]] already exists
2024-04-20 14:25:17.196 [W] [server/control.go:396] [5b5a2248003bf478] new proxy [[proxy]] type [tcp] error: proxy [[proxy]] already exists
2024-04-20 14:25:47.297 [W] [server/control.go:396] [5b5a2248003bf478] new proxy [[proxy]] type [tcp] error: proxy [[proxy]] already exists
2024-04-20 14:26:17.390 [W] [server/control.go:396] [5b5a2248003bf478] new proxy [[proxy]] type [tcp] error: proxy [[proxy]] already exists
2024-04-20 14:26:47.484 [W] [server/control.go:396] [5b5a2248003bf478] new proxy [[proxy]] type [tcp] error: proxy [[proxy]] already exists
2024-04-20 14:27:17.568 [W] [server/control.go:396] [5b5a2248003bf478] new proxy [[proxy]] type [tcp] error: proxy [[proxy]] already exists
2024-04-20 14:27:47.643 [W] [server/control.go:396] [5b5a2248003bf478] new proxy [[proxy]] type [tcp] error: proxy [[proxy]] already exists
2024-04-20 14:28:17.747 [W] [server/control.go:396] [5b5a2248003bf478] new proxy [[proxy]] type [tcp] error: proxy [[proxy]] already exists
2024-04-20 14:28:47.843 [W] [server/control.go:396] [5b5a2248003bf478] new proxy [[proxy]] type [tcp] error: proxy [[proxy]] already exists
2024-04-20 14:29:17.937 [W] [server/control.go:396] [5b5a2248003bf478] new proxy [[proxy]] type [tcp] error: proxy [[proxy]] already exists
2024-04-20 14:29:48.042 [W] [server/control.go:396] [5b5a2248003bf478] new proxy [[proxy]] type [tcp] error: proxy [[proxy]] already exists
2024-04-20 14:30:18.121 [W] [server/control.go:396] [5b5a2248003bf478] new proxy [[proxy]] type [tcp] error: proxy [[proxy]] already exists
2024-04-20 14:30:48.194 [W] [server/control.go:396] [5b5a2248003bf478] new proxy [[proxy]] type [tcp] error: proxy [[proxy]] already exists
2024-04-20 14:31:18.291 [W] [server/control.go:396] [5b5a2248003bf478] new proxy [[proxy]] type [tcp] error: proxy [[proxy]] already exists
2024-04-20 14:31:48.376 [W] [server/control.go:396] [5b5a2248003bf478] new proxy [[proxy]] type [tcp] error: proxy [[proxy]] already exists
2024-04-20 14:32:18.470 [W] [server/control.go:396] [5b5a2248003bf478] new proxy [[proxy]] type [tcp] error: proxy [[proxy]] already exists
2024-04-20 14:32:48.554 [W] [server/control.go:396] [5b5a2248003bf478] new proxy [[proxy]] type [tcp] error: proxy [[proxy]] already exists
2024-04-20 14:33:18.652 [W] [server/control.go:396] [5b5a2248003bf478] new proxy [[proxy]] type [tcp] error: proxy [[proxy]] already exists
2024-04-20 14:33:48.740 [W] [server/control.go:396] [5b5a2248003bf478] new proxy [[proxy]] type [tcp] error: proxy [[proxy]] already exists
2024-04-20 14:34:18.794 [W] [server/control.go:396] [5b5a2248003bf478] new proxy [[proxy]] type [tcp] error: proxy [[proxy]] already exists
2024-04-20 14:34:48.874 [W] [server/control.go:396] [5b5a2248003bf478] new proxy [[proxy]] type [tcp] error: proxy [[proxy]] already exists
2024-04-20 14:35:18.957 [W] [server/control.go:396] [5b5a2248003bf478] new proxy [[proxy]] type [tcp] error: proxy [[proxy]] already exists
2024-04-20 14:35:49.023 [W] [server/control.go:396] [5b5a2248003bf478] new proxy [[proxy]] type [tcp] error: proxy [[proxy]] already exists
2024-04-20 14:36:19.123 [W] [server/control.go:396] [5b5a2248003bf478] new proxy [[proxy]] type [tcp] error: proxy [[proxy]] already exists
2024-04-20 14:36:49.179 [W] [server/control.go:396] [5b5a2248003bf478] new proxy [[proxy]] type [tcp] error: proxy [[proxy]] already exists
2024-04-20 14:37:19.283 [W] [server/control.go:396] [5b5a2248003bf478] new proxy [[proxy]] type [tcp] error: proxy [[proxy]] already exists
2024-04-20 14:37:49.364 [W] [server/control.go:396] [5b5a2248003bf478] new proxy [[proxy]] type [tcp] error: proxy [[proxy]] already exists
2024-04-20 14:38:19.461 [W] [server/control.go:396] [5b5a2248003bf478] new proxy [[proxy]] type [tcp] error: proxy [[proxy]] already exists
2024-04-20 14:38:49.533 [W] [server/control.go:396] [5b5a2248003bf478] new proxy [[proxy]] type [tcp] error: proxy [[proxy]] already exists
2024-04-20 14:39:19.621 [W] [server/control.go:396] [5b5a2248003bf478] new proxy [[proxy]] type [tcp] error: proxy [[proxy]] already exists
2024-04-20 14:39:49.739 [W] [server/control.go:396] [5b5a2248003bf478] new proxy [[proxy]] type [tcp] error: proxy [[proxy]] already exists
2024-04-20 14:40:19.834 [W] [server/control.go:396] [5b5a2248003bf478] new proxy [[proxy]] type [tcp] error: proxy [[proxy]] already exists
2024-04-20 14:40:49.948 [W] [server/control.go:396] [5b5a2248003bf478] new proxy [[proxy]] type [tcp] error: proxy [[proxy]] already exists
2024-04-20 14:41:20.007 [W] [server/control.go:396] [5b5a2248003bf478] new proxy [[proxy]] type [tcp] error: proxy [[proxy]] already exists
2024-04-20 14:41:50.102 [W] [server/control.go:396] [5b5a2248003bf478] new proxy [[proxy]] type [tcp] error: proxy [[proxy]] already exists
2024-04-20 14:42:20.205 [W] [server/control.go:396] [5b5a2248003bf478] new proxy [[proxy]] type [tcp] error: proxy [[proxy]] already exists
2024-04-20 14:42:50.294 [W] [server/control.go:396] [5b5a2248003bf478] new proxy [[proxy]] type [tcp] error: proxy [[proxy]] already exists
2024-04-20 14:43:20.370 [W] [server/control.go:396] [5b5a2248003bf478] new proxy [[proxy]] type [tcp] error: proxy [[proxy]] already exists
2024-04-20 14:43:50.439 [W] [server/control.go:396] [5b5a2248003bf478] new proxy [[proxy]] type [tcp] error: proxy [[proxy]] already exists
2024-04-20 14:44:20.500 [W] [server/control.go:396] [5b5a2248003bf478] new proxy [[proxy]] type [tcp] error: proxy [[proxy]] already exists
2024-04-20 14:44:50.572 [W] [server/control.go:396] [5b5a2248003bf478] new proxy [[proxy]] type [tcp] error: proxy [[proxy]] already exists
2024-04-20 14:45:20.640 [W] [server/control.go:396] [5b5a2248003bf478] new proxy [[proxy]] type [tcp] error: proxy [[proxy]] already exists
2024-04-20 14:45:50.698 [W] [server/control.go:396] [5b5a2248003bf478] new proxy [[proxy]] type [tcp] error: proxy [[proxy]] already exists
2024-04-20 14:46:20.783 [W] [server/control.go:396] [5b5a2248003bf478] new proxy [[proxy]] type [tcp] error: proxy [[proxy]] already exists
2024-04-20 14:46:50.851 [W] [server/control.go:396] [5b5a2248003bf478] new proxy [[proxy]] type [tcp] error: proxy [[proxy]] already exists
2024-04-20 14:47:20.915 [W] [server/control.go:396] [5b5a2248003bf478] new proxy [[proxy]] type [tcp] error: proxy [[proxy]] already exists
2024-04-20 14:47:51.004 [W] [server/control.go:396] [5b5a2248003bf478] new proxy [[proxy]] type [tcp] error: proxy [[proxy]] already exists
2024-04-20 14:48:21.099 [W] [server/control.go:396] [5b5a2248003bf478] new proxy [[proxy]] type [tcp] error: proxy [[proxy]] already exists
2024-04-20 14:48:51.163 [W] [server/control.go:396] [5b5a2248003bf478] new proxy [[proxy]] type [tcp] error: proxy [[proxy]] already exists
2024-04-20 14:49:21.243 [W] [server/control.go:396] [5b5a2248003bf478] new proxy [[proxy]] type [tcp] error: proxy [[proxy]] already exists
2024-04-20 14:49:51.321 [W] [server/control.go:396] [5b5a2248003bf478] new proxy [[proxy]] type [tcp] error: proxy [[proxy]] already exists
2024-04-20 14:50:21.396 [W] [server/control.go:396] [5b5a2248003bf478] new proxy [[proxy]] type [tcp] error: proxy [[proxy]] already exists
2024-04-20 14:50:51.471 [W] [server/control.go:396] [5b5a2248003bf478] new proxy [[proxy]] type [tcp] error: proxy [[proxy]] already exists
2024-04-20 14:51:21.557 [W] [server/control.go:396] [5b5a2248003bf478] new proxy [[proxy]] type [tcp] error: proxy [[proxy]] already exists
2024-04-20 14:51:51.656 [W] [server/control.go:396] [5b5a2248003bf478] new proxy [[proxy]] type [tcp] error: proxy [[proxy]] already exists
2024-04-20 14:52:21.724 [W] [server/control.go:396] [5b5a2248003bf478] new proxy [[proxy]] type [tcp] error: proxy [[proxy]] already exists
2024-04-20 14:52:51.806 [W] [server/control.go:396] [5b5a2248003bf478] new proxy [[proxy]] type [tcp] error: proxy [[proxy]] already exists
2024-04-20 14:53:21.880 [W] [server/control.go:396] [5b5a2248003bf478] new proxy [[proxy]] type [tcp] error: proxy [[proxy]] already exists
2024-04-20 14:53:51.944 [W] [server/control.go:396] [5b5a2248003bf478] new proxy [[proxy]] type [tcp] error: proxy [[proxy]] already exists
2024-04-20 14:54:22.029 [W] [server/control.go:396] [5b5a2248003bf478] new proxy [[proxy]] type [tcp] error: proxy [[proxy]] already exists
2024-04-20 14:54:52.110 [W] [server/control.go:396] [5b5a2248003bf478] new proxy [[proxy]] type [tcp] error: proxy [[proxy]] already exists
2024-04-20 14:55:22.186 [W] [server/control.go:396] [5b5a2248003bf478] new proxy [[proxy]] type [tcp] error: proxy [[proxy]] already exists
2024-04-20 14:55:52.284 [W] [server/control.go:396] [5b5a2248003bf478] new proxy [[proxy]] type [tcp] error: proxy [[proxy]] already exists
2024-04-20 14:56:22.369 [W] [server/control.go:396] [5b5a2248003bf478] new proxy [[proxy]] type [tcp] error: proxy [[proxy]] already exists
2024-04-20 14:56:52.458 [W] [server/control.go:396] [5b5a2248003bf478] new proxy [[proxy]] type [tcp] error: proxy [[proxy]] already exists
2024-04-20 14:57:22.541 [W] [server/control.go:396] [5b5a2248003bf478] new proxy [[proxy]] type [tcp] error: proxy [[proxy]] already exists
2024-04-20 14:57:52.616 [W] [server/control.go:396] [5b5a2248003bf478] new proxy [[proxy]] type [tcp] error: proxy [[proxy]] already exists
2024-04-20 14:58:22.721 [W] [server/control.go:396] [5b5a2248003bf478] new proxy [[proxy]] type [tcp] error: proxy [[proxy]] already exists
2024-04-20 14:58:52.810 [W] [server/control.go:396] [5b5a2248003bf478] new proxy [[proxy]] type [tcp] error: proxy [[proxy]] already exists
2024-04-20 14:59:22.894 [W] [server/control.go:396] [5b5a2248003bf478] new proxy [[proxy]] type [tcp] error: proxy [[proxy]] already exists
2024-04-20 14:59:52.978 [W] [server/control.go:396] [5b5a2248003bf478] new proxy [[proxy]] type [tcp] error: proxy [[proxy]] already exists
2024-04-20 15:00:23.053 [W] [server/control.go:396] [5b5a2248003bf478] new proxy [[proxy]] type [tcp] error: proxy [[proxy]] already exists
2024-04-20 15:00:53.127 [W] [server/control.go:396] [5b5a2248003bf478] new proxy [[proxy]] type [tcp] error: proxy [[proxy]] already exists
2024-04-20 15:01:23.222 [W] [server/control.go:396] [5b5a2248003bf478] new proxy [[proxy]] type [tcp] error: proxy [[proxy]] already exists
2024-04-20 15:01:53.319 [W] [server/control.go:396] [5b5a2248003bf478] new proxy [[proxy]] type [tcp] error: proxy [[proxy]] already exists
2024-04-20 15:02:23.387 [W] [server/control.go:396] [5b5a2248003bf478] new proxy [[proxy]] type [tcp] error: proxy [[proxy]] already exists
2024-04-20 15:02:53.465 [W] [server/control.go:396] [5b5a2248003bf478] new proxy [[proxy]] type [tcp] error: proxy [[proxy]] already exists
2024-04-20 15:03:23.553 [W] [server/control.go:396] [5b5a2248003bf478] new proxy [[proxy]] type [tcp] error: proxy [[proxy]] already exists
2024-04-20 15:03:53.611 [W] [server/control.go:396] [5b5a2248003bf478] new proxy [[proxy]] type [tcp] error: proxy [[proxy]] already exists
2024-04-20 15:04:23.696 [W] [server/control.go:396] [5b5a2248003bf478] new proxy [[proxy]] type [tcp] error: proxy [[proxy]] already exists
2024-04-20 15:04:53.804 [W] [server/control.go:396] [5b5a2248003bf478] new proxy [[proxy]] type [tcp] error: proxy [[proxy]] already exists
2024-04-20 15:05:23.894 [W] [server/control.go:396] [5b5a2248003bf478] new proxy [[proxy]] type [tcp] error: proxy [[proxy]] already exists
2024-04-20 15:05:53.983 [W] [server/control.go:396] [5b5a2248003bf478] new proxy [[proxy]] type [tcp] error: proxy [[proxy]] already exists
2024-04-20 15:06:24.067 [W] [server/control.go:396] [5b5a2248003bf478] new proxy [[proxy]] type [tcp] error: proxy [[proxy]] already exists
2024-04-20 15:06:54.152 [W] [server/control.go:396] [5b5a2248003bf478] new proxy [[proxy]] type [tcp] error: proxy [[proxy]] already exists
2024-04-20 15:07:24.249 [W] [server/control.go:396] [5b5a2248003bf478] new proxy [[proxy]] type [tcp] error: proxy [[proxy]] already exists
2024-04-20 15:07:54.350 [W] [server/control.go:396] [5b5a2248003bf478] new proxy [[proxy]] type [tcp] error: proxy [[proxy]] already exists
2024-04-20 15:08:24.432 [W] [server/control.go:396] [5b5a2248003bf478] new proxy [[proxy]] type [tcp] error: proxy [[proxy]] already exists
2024-04-20 15:08:54.486 [W] [server/control.go:396] [5b5a2248003bf478] new proxy [[proxy]] type [tcp] error: proxy [[proxy]] already exists
2024-04-20 15:09:24.577 [W] [server/control.go:396] [5b5a2248003bf478] new proxy [[proxy]] type [tcp] error: proxy [[proxy]] already exists
2024-04-20 15:09:54.677 [W] [server/control.go:396] [5b5a2248003bf478] new proxy [[proxy]] type [tcp] error: proxy [[proxy]] already exists
2024-04-20 15:10:24.761 [W] [server/control.go:396] [5b5a2248003bf478] new proxy [[proxy]] type [tcp] error: proxy [[proxy]] already exists
2024-04-20 15:10:54.865 [W] [server/control.go:396] [5b5a2248003bf478] new proxy [[proxy]] type [tcp] error: proxy [[proxy]] already exists
2024-04-20 15:11:24.940 [W] [server/control.go:396] [5b5a2248003bf478] new proxy [[proxy]] type [tcp] error: proxy [[proxy]] already exists
2024-04-20 15:11:55.014 [W] [server/control.go:396] [5b5a2248003bf478] new proxy [[proxy]] type [tcp] error: proxy [[proxy]] already exists
2024-04-20 15:12:25.139 [W] [server/control.go:396] [5b5a2248003bf478] new proxy [[proxy]] type [tcp] error: proxy [[proxy]] already exists
2024-04-20 15:12:55.231 [W] [server/control.go:396] [5b5a2248003bf478] new proxy [[proxy]] type [tcp] error: proxy [[proxy]] already exists
2024-04-20 15:13:25.323 [W] [server/control.go:396] [5b5a2248003bf478] new proxy [[proxy]] type [tcp] error: proxy [[proxy]] already exists
2024-04-20 15:13:55.407 [W] [server/control.go:396] [5b5a2248003bf478] new proxy [[proxy]] type [tcp] error: proxy [[proxy]] already exists
2024-04-20 15:14:25.475 [W] [server/control.go:396] [5b5a2248003bf478] new proxy [[proxy]] type [tcp] error: proxy [[proxy]] already exists
2024-04-20 15:14:55.687 [W] [server/control.go:396] [5b5a2248003bf478] new proxy [[proxy]] type [tcp] error: proxy [[proxy]] already exists
2024-04-20 15:15:25.764 [W] [server/control.go:396] [5b5a2248003bf478] new proxy [[proxy]] type [tcp] error: proxy [[proxy]] already exists
2024-04-20 15:15:55.862 [W] [server/control.go:396] [5b5a2248003bf478] new proxy [[proxy]] type [tcp] error: proxy [[proxy]] already exists
2024-04-20 15:16:25.962 [W] [server/control.go:396] [5b5a2248003bf478] new proxy [[proxy]] type [tcp] error: proxy [[proxy]] already exists
2024-04-20 15:16:56.049 [W] [server/control.go:396] [5b5a2248003bf478] new proxy [[proxy]] type [tcp] error: proxy [[proxy]] already exists
2024-04-20 15:17:26.116 [W] [server/control.go:396] [5b5a2248003bf478] new proxy [[proxy]] type [tcp] error: proxy [[proxy]] already exists
2024-04-20 15:17:56.161 [W] [server/control.go:396] [5b5a2248003bf478] new proxy [[proxy]] type [tcp] error: proxy [[proxy]] already exists
2024-04-20 15:18:26.351 [W] [server/control.go:396] [5b5a2248003bf478] new proxy [[proxy]] type [tcp] error: proxy [[proxy]] already exists
2024-04-20 15:18:56.448 [W] [server/control.go:396] [5b5a2248003bf478] new proxy [[proxy]] type [tcp] error: proxy [[proxy]] already exists
2024-04-20 15:19:26.522 [W] [server/control.go:396] [5b5a2248003bf478] new proxy [[proxy]] type [tcp] error: proxy [[proxy]] already exists
2024-04-20 15:19:35.961 [I] [server/control.go:359] [5b5a2248003bf478] client exit success
2024-04-20 15:20:54.624 [I] [server/service.go:575] [2ec89395f7b57648] client login info: ip [192.168.3.118:51211] version [0.57.0] hostname [] os [windows] arch [amd64]
2024-04-20 15:20:54.625 [W] [server/control.go:396] [2ec89395f7b57648] new proxy [[proxy]] type [tcp] error: proxy [[proxy]] already exists
2024-04-20 15:21:15.636 [I] [proxy/proxy.go:115] [8b8fbbb37082ee7c] [[proxy]] proxy closing
2024-04-20 15:21:15.639 [W] [proxy/proxy.go:201] [8b8fbbb37082ee7c] [[proxy]] listener is closed: accept tcp [::]:13389: use of closed network connection
2024-04-20 15:21:15.639 [I] [server/control.go:359] [8b8fbbb37082ee7c] client exit success
2024-04-20 15:21:20.385 [I] [server/control.go:359] [2ec89395f7b57648] client exit success
2024-04-20 15:21:23.508 [I] [server/service.go:575] [622310d2686e2a60] client login info: ip [192.168.3.118:51222] version [0.57.0] hostname [] os [windows] arch [amd64]
2024-04-20 15:21:23.522 [I] [proxy/tcp.go:82] [622310d2686e2a60] [[proxy]] tcp proxy listen port [13389]
2024-04-20 15:21:23.522 [I] [server/control.go:401] [622310d2686e2a60] new proxy [[proxy]] type [tcp] success
2024-04-20 15:21:48.619 [I] [proxy/proxy.go:204] [622310d2686e2a60] [[proxy]] get a user connection [192.168.3.75:8071]
2024-04-20 15:21:49.574 [I] [proxy/proxy.go:204] [622310d2686e2a60] [[proxy]] get a user connection [192.168.3.75:8072]
2024-04-20 15:22:18.238 [I] [proxy/proxy.go:204] [622310d2686e2a60] [[proxy]] get a user connection [192.168.3.75:8090]
2024-04-20 15:22:19.255 [I] [proxy/proxy.go:204] [622310d2686e2a60] [[proxy]] get a user connection [192.168.3.75:8092]
2024-04-20 15:23:00.246 [I] [proxy/proxy.go:204] [622310d2686e2a60] [[proxy]] get a user connection [114.216.120.100:8117]
2024-04-20 15:23:14.935 [I] [proxy/proxy.go:204] [622310d2686e2a60] [[proxy]] get a user connection [114.216.120.100:8120]
2024-04-20 15:37:06.090 [I] [server/dashboard_api.go:109] Http request: [/api/serverinfo]
2024-04-20 15:37:06.091 [I] [server/dashboard_api.go:102] Http response [/api/serverinfo]: code [200]
2024-04-20 15:37:21.771 [I] [server/dashboard_api.go:109] Http request: [/api/serverinfo]
2024-04-20 15:37:21.771 [I] [server/dashboard_api.go:102] Http response [/api/serverinfo]: code [200]
2024-04-20 15:37:22.796 [I] [server/dashboard_api.go:109] Http request: [/api/serverinfo]
2024-04-20 15:37:22.796 [I] [server/dashboard_api.go:102] Http response [/api/serverinfo]: code [200]
2024-04-20 15:37:23.607 [I] [server/dashboard_api.go:228] Http request: [/api/proxy/tcp]
2024-04-20 15:37:23.608 [I] [server/dashboard_api.go:222] Http response [/api/proxy/tcp]: code [200]
2024-04-20 15:37:24.521 [I] [server/dashboard_api.go:228] Http request: [/api/proxy/udp]
2024-04-20 15:37:24.521 [I] [server/dashboard_api.go:222] Http response [/api/proxy/udp]: code [200]
2024-04-20 15:37:25.031 [I] [server/dashboard_api.go:109] Http request: [/api/serverinfo]
2024-04-20 15:37:25.031 [I] [server/dashboard_api.go:102] Http response [/api/serverinfo]: code [200]
2024-04-20 15:37:25.484 [I] [server/dashboard_api.go:109] Http request: [/api/serverinfo]
2024-04-20 15:37:25.484 [I] [server/dashboard_api.go:102] Http response [/api/serverinfo]: code [200]
2024-04-20 15:37:25.894 [I] [server/dashboard_api.go:228] Http request: [/api/proxy/stcp]
2024-04-20 15:37:25.894 [I] [server/dashboard_api.go:222] Http response [/api/proxy/stcp]: code [200]
2024-04-20 15:37:26.209 [I] [server/dashboard_api.go:228] Http request: [/api/proxy/sudp]
2024-04-20 15:37:26.209 [I] [server/dashboard_api.go:222] Http response [/api/proxy/sudp]: code [200]
2024-04-20 15:37:26.843 [I] [server/dashboard_api.go:228] Http request: [/api/proxy/tcp]
2024-04-20 15:37:26.844 [I] [server/dashboard_api.go:222] Http response [/api/proxy/tcp]: code [200]
2024-04-20 15:37:29.861 [I] [server/dashboard_api.go:368] Http request: [/api/traffic/[proxy]]
2024-04-20 15:37:29.862 [I] [server/dashboard_api.go:362] Http response [/api/traffic/[proxy]]: code [200]
2024-04-20 18:55:16.442 [I] [server/service.go:575] [698cafc4871b48ed] client login info: ip [192.168.3.75:32692] version [0.57.0] hostname [] os [windows] arch [amd64]
2024-04-20 18:55:16.455 [W] [server/control.go:396] [698cafc4871b48ed] new proxy [[proxy]] type [tcp] error: proxy [[proxy]] already exists
2024-04-20 18:55:21.032 [I] [server/control.go:359] [698cafc4871b48ed] client exit success
2024-04-20 18:55:44.978 [I] [server/service.go:575] [92424eac596e0429] client login info: ip [192.168.3.75:32698] version [0.57.0] hostname [] os [windows] arch [amd64]
2024-04-20 18:55:44.991 [W] [server/control.go:396] [92424eac596e0429] new proxy [[proxy]] type [tcp] error: proxy [[proxy]] already exists
2024-04-20 18:55:54.074 [I] [server/control.go:359] [92424eac596e0429] client exit success
2024-04-20 18:56:05.209 [I] [server/service.go:575] [9c263e082506de52] client login info: ip [192.168.3.75:32703] version [0.57.0] hostname [] os [windows] arch [amd64]
2024-04-20 18:56:05.222 [W] [server/control.go:396] [9c263e082506de52] new proxy [[proxy]] type [tcp] error: proxy [[proxy]] already exists
2024-04-20 18:56:13.283 [I] [server/control.go:359] [9c263e082506de52] client exit success
2024-04-20 18:57:27.625 [I] [server/service.go:575] [43b34fe22c247bbe] client login info: ip [192.168.3.75:32732] version [0.57.0] hostname [] os [windows] arch [amd64]
2024-04-20 18:57:27.641 [W] [server/control.go:396] [43b34fe22c247bbe] new proxy [[proxy]] type [tcp] error: proxy [[proxy]] already exists
2024-04-20 18:57:43.814 [I] [server/control.go:359] [43b34fe22c247bbe] client exit success
2024-04-20 18:58:33.045 [I] [server/service.go:575] [06c9f7192f54d120] client login info: ip [192.168.3.75:32754] version [0.57.0] hostname [] os [windows] arch [amd64]
2024-04-20 18:58:33.065 [W] [server/control.go:396] [06c9f7192f54d120] new proxy [[proxy]] type [tcp] error: proxy [[proxy]] already exists
2024-04-20 18:59:03.151 [W] [server/control.go:396] [06c9f7192f54d120] new proxy [[proxy]] type [tcp] error: proxy [[proxy]] already exists
2024-04-20 18:59:33.240 [W] [server/control.go:396] [06c9f7192f54d120] new proxy [[proxy]] type [tcp] error: proxy [[proxy]] already exists
2024-04-20 19:00:03.311 [W] [server/control.go:396] [06c9f7192f54d120] new proxy [[proxy]] type [tcp] error: proxy [[proxy]] already exists
2024-04-20 19:00:33.385 [W] [server/control.go:396] [06c9f7192f54d120] new proxy [[proxy]] type [tcp] error: proxy [[proxy]] already exists
2024-04-20 19:01:03.472 [W] [server/control.go:396] [06c9f7192f54d120] new proxy [[proxy]] type [tcp] error: proxy [[proxy]] already exists
2024-04-20 19:01:33.579 [W] [server/control.go:396] [06c9f7192f54d120] new proxy [[proxy]] type [tcp] error: proxy [[proxy]] already exists
2024-04-20 19:02:03.648 [W] [server/control.go:396] [06c9f7192f54d120] new proxy [[proxy]] type [tcp] error: proxy [[proxy]] already exists
2024-04-20 19:02:33.716 [W] [server/control.go:396] [06c9f7192f54d120] new proxy [[proxy]] type [tcp] error: proxy [[proxy]] already exists
2024-04-20 19:02:59.427 [I] [server/control.go:359] [06c9f7192f54d120] client exit success
2024-04-20 19:03:59.806 [I] [server/service.go:575] [61191379760a52b3] client login info: ip [192.168.3.75:32884] version [0.57.0] hostname [] os [windows] arch [amd64]
2024-04-20 19:03:59.818 [W] [server/control.go:396] [61191379760a52b3] new proxy [[proxy]] type [tcp] error: proxy [[proxy]] already exists
2024-04-20 19:04:05.594 [I] [server/control.go:359] [61191379760a52b3] client exit success
2024-04-20 19:04:22.229 [I] [server/service.go:575] [385e7d3a50764b3f] client login info: ip [192.168.3.75:32888] version [0.57.0] hostname [] os [windows] arch [amd64]
2024-04-20 19:04:22.235 [W] [server/control.go:396] [385e7d3a50764b3f] new proxy [[proxy]] type [tcp] error: proxy [[proxy]] already exists
2024-04-20 19:04:32.781 [I] [server/control.go:359] [385e7d3a50764b3f] client exit success
2024-04-20 19:06:07.318 [I] [server/dashboard_api.go:228] Http request: [/api/proxy/tcp]
2024-04-20 19:06:07.319 [I] [server/dashboard_api.go:222] Http response [/api/proxy/tcp]: code [200]
2024-04-20 19:06:08.551 [I] [server/dashboard_api.go:228] Http request: [/api/proxy/tcp]
2024-04-20 19:06:08.551 [I] [server/dashboard_api.go:222] Http response [/api/proxy/tcp]: code [200]
2024-04-20 19:06:11.285 [I] [server/dashboard_api.go:228] Http request: [/api/proxy/udp]
2024-04-20 19:06:11.286 [I] [server/dashboard_api.go:222] Http response [/api/proxy/udp]: code [200]
2024-04-20 19:06:12.027 [I] [server/dashboard_api.go:228] Http request: [/api/proxy/tcp]
2024-04-20 19:06:12.028 [I] [server/dashboard_api.go:222] Http response [/api/proxy/tcp]: code [200]
2024-04-20 19:08:44.422 [I] [server/service.go:575] [00f0bae2b1e6f1cc] client login info: ip [192.168.3.75:33143] version [0.57.0] hostname [] os [windows] arch [amd64]
2024-04-20 19:08:44.431 [W] [server/control.go:396] [00f0bae2b1e6f1cc] new proxy [[proxy]] type [tcp] error: proxy [[proxy]] already exists
2024-04-20 19:09:14.486 [W] [server/control.go:396] [00f0bae2b1e6f1cc] new proxy [[proxy]] type [tcp] error: proxy [[proxy]] already exists
2024-04-20 19:09:18.494 [I] [server/control.go:359] [00f0bae2b1e6f1cc] client exit success
2024-04-20 19:18:32.182 [I] [server/service.go:575] [d6ae7bf88fdeff41] client login info: ip [192.168.3.75:33311] version [0.57.0] hostname [] os [windows] arch [amd64]
2024-04-20 19:18:32.192 [W] [server/control.go:396] [d6ae7bf88fdeff41] new proxy [[proxy]] type [tcp] error: proxy [[proxy]] already exists
2024-04-20 19:18:42.186 [I] [server/control.go:359] [d6ae7bf88fdeff41] client exit success
2024-04-20 19:19:22.846 [I] [server/service.go:575] [eae1d2ad93da502a] client login info: ip [192.168.3.75:33326] version [0.57.0] hostname [] os [windows] arch [amd64]
2024-04-20 19:19:22.860 [W] [server/control.go:396] [eae1d2ad93da502a] new proxy [[proxy]] type [tcp] error: proxy [[proxy]] already exists
2024-04-20 19:19:52.941 [W] [server/control.go:396] [eae1d2ad93da502a] new proxy [[proxy]] type [tcp] error: proxy [[proxy]] already exists
2024-04-20 19:20:23.044 [W] [server/control.go:396] [eae1d2ad93da502a] new proxy [[proxy]] type [tcp] error: proxy [[proxy]] already exists
2024-04-20 19:20:46.796 [I] [server/control.go:359] [eae1d2ad93da502a] client exit success
2024-04-20 19:22:01.093 [I] [server/service.go:575] [ab0ef68ff7afbed3] client login info: ip [192.168.3.75:33440] version [0.57.0] hostname [] os [windows] arch [amd64]
2024-04-20 19:22:01.101 [W] [server/control.go:396] [ab0ef68ff7afbed3] new proxy [[proxy]] type [tcp] error: proxy [[proxy]] already exists
2024-04-20 19:22:31.179 [W] [server/control.go:396] [ab0ef68ff7afbed3] new proxy [[proxy]] type [tcp] error: proxy [[proxy]] already exists
2024-04-20 19:23:01.262 [W] [server/control.go:396] [ab0ef68ff7afbed3] new proxy [[proxy]] type [tcp] error: proxy [[proxy]] already exists
2024-04-20 19:23:31.316 [W] [server/control.go:396] [ab0ef68ff7afbed3] new proxy [[proxy]] type [tcp] error: proxy [[proxy]] already exists
2024-04-20 19:24:01.395 [W] [server/control.go:396] [ab0ef68ff7afbed3] new proxy [[proxy]] type [tcp] error: proxy [[proxy]] already exists
2024-04-20 19:24:31.486 [W] [server/control.go:396] [ab0ef68ff7afbed3] new proxy [[proxy]] type [tcp] error: proxy [[proxy]] already exists
2024-04-20 19:25:01.570 [W] [server/control.go:396] [ab0ef68ff7afbed3] new proxy [[proxy]] type [tcp] error: proxy [[proxy]] already exists
2024-04-20 19:25:31.647 [W] [server/control.go:396] [ab0ef68ff7afbed3] new proxy [[proxy]] type [tcp] error: proxy [[proxy]] already exists
2024-04-20 19:26:01.713 [W] [server/control.go:396] [ab0ef68ff7afbed3] new proxy [[proxy]] type [tcp] error: proxy [[proxy]] already exists
2024-04-20 19:26:31.789 [W] [server/control.go:396] [ab0ef68ff7afbed3] new proxy [[proxy]] type [tcp] error: proxy [[proxy]] already exists
2024-04-20 19:27:01.891 [W] [server/control.go:396] [ab0ef68ff7afbed3] new proxy [[proxy]] type [tcp] error: proxy [[proxy]] already exists
2024-04-20 19:27:31.991 [W] [server/control.go:396] [ab0ef68ff7afbed3] new proxy [[proxy]] type [tcp] error: proxy [[proxy]] already exists
2024-04-20 19:28:02.090 [W] [server/control.go:396] [ab0ef68ff7afbed3] new proxy [[proxy]] type [tcp] error: proxy [[proxy]] already exists
2024-04-20 19:28:32.166 [W] [server/control.go:396] [ab0ef68ff7afbed3] new proxy [[proxy]] type [tcp] error: proxy [[proxy]] already exists
2024-04-20 19:29:02.230 [W] [server/control.go:396] [ab0ef68ff7afbed3] new proxy [[proxy]] type [tcp] error: proxy [[proxy]] already exists
2024-04-20 19:29:32.303 [W] [server/control.go:396] [ab0ef68ff7afbed3] new proxy [[proxy]] type [tcp] error: proxy [[proxy]] already exists
2024-04-20 19:30:02.424 [W] [server/control.go:396] [ab0ef68ff7afbed3] new proxy [[proxy]] type [tcp] error: proxy [[proxy]] already exists
2024-04-20 19:30:32.481 [W] [server/control.go:396] [ab0ef68ff7afbed3] new proxy [[proxy]] type [tcp] error: proxy [[proxy]] already exists
2024-04-20 19:31:02.553 [W] [server/control.go:396] [ab0ef68ff7afbed3] new proxy [[proxy]] type [tcp] error: proxy [[proxy]] already exists
2024-04-20 19:31:32.642 [W] [server/control.go:396] [ab0ef68ff7afbed3] new proxy [[proxy]] type [tcp] error: proxy [[proxy]] already exists
2024-04-20 19:32:02.725 [W] [server/control.go:396] [ab0ef68ff7afbed3] new proxy [[proxy]] type [tcp] error: proxy [[proxy]] already exists
2024-04-20 19:32:32.812 [W] [server/control.go:396] [ab0ef68ff7afbed3] new proxy [[proxy]] type [tcp] error: proxy [[proxy]] already exists
2024-04-20 19:33:02.896 [W] [server/control.go:396] [ab0ef68ff7afbed3] new proxy [[proxy]] type [tcp] error: proxy [[proxy]] already exists
2024-04-20 19:33:32.949 [W] [server/control.go:396] [ab0ef68ff7afbed3] new proxy [[proxy]] type [tcp] error: proxy [[proxy]] already exists
2024-04-20 19:34:03.049 [W] [server/control.go:396] [ab0ef68ff7afbed3] new proxy [[proxy]] type [tcp] error: proxy [[proxy]] already exists
2024-04-20 19:34:33.109 [W] [server/control.go:396] [ab0ef68ff7afbed3] new proxy [[proxy]] type [tcp] error: proxy [[proxy]] already exists
2024-04-20 19:35:03.193 [W] [server/control.go:396] [ab0ef68ff7afbed3] new proxy [[proxy]] type [tcp] error: proxy [[proxy]] already exists
2024-04-20 19:35:33.379 [W] [server/control.go:396] [ab0ef68ff7afbed3] new proxy [[proxy]] type [tcp] error: proxy [[proxy]] already exists
2024-04-20 19:36:06.419 [W] [server/control.go:396] [ab0ef68ff7afbed3] new proxy [[proxy]] type [tcp] error: proxy [[proxy]] already exists
2024-04-20 19:36:36.498 [W] [server/control.go:396] [ab0ef68ff7afbed3] new proxy [[proxy]] type [tcp] error: proxy [[proxy]] already exists
2024-04-20 19:37:06.564 [W] [server/control.go:396] [ab0ef68ff7afbed3] new proxy [[proxy]] type [tcp] error: proxy [[proxy]] already exists
2024-04-20 19:37:36.647 [W] [server/control.go:396] [ab0ef68ff7afbed3] new proxy [[proxy]] type [tcp] error: proxy [[proxy]] already exists
2024-04-20 19:38:06.752 [W] [server/control.go:396] [ab0ef68ff7afbed3] new proxy [[proxy]] type [tcp] error: proxy [[proxy]] already exists
2024-04-20 19:38:36.836 [W] [server/control.go:396] [ab0ef68ff7afbed3] new proxy [[proxy]] type [tcp] error: proxy [[proxy]] already exists
2024-04-20 19:39:06.920 [W] [server/control.go:396] [ab0ef68ff7afbed3] new proxy [[proxy]] type [tcp] error: proxy [[proxy]] already exists
2024-04-20 19:39:36.988 [W] [server/control.go:396] [ab0ef68ff7afbed3] new proxy [[proxy]] type [tcp] error: proxy [[proxy]] already exists
2024-04-20 19:40:07.125 [W] [server/control.go:396] [ab0ef68ff7afbed3] new proxy [[proxy]] type [tcp] error: proxy [[proxy]] already exists
2024-04-20 19:40:40.162 [W] [server/control.go:396] [ab0ef68ff7afbed3] new proxy [[proxy]] type [tcp] error: proxy [[proxy]] already exists
2024-04-20 19:41:10.243 [W] [server/control.go:396] [ab0ef68ff7afbed3] new proxy [[proxy]] type [tcp] error: proxy [[proxy]] already exists
2024-04-20 19:41:40.313 [W] [server/control.go:396] [ab0ef68ff7afbed3] new proxy [[proxy]] type [tcp] error: proxy [[proxy]] already exists
2024-04-20 19:42:13.389 [W] [server/control.go:396] [ab0ef68ff7afbed3] new proxy [[proxy]] type [tcp] error: proxy [[proxy]] already exists
2024-04-20 19:42:43.503 [W] [server/control.go:396] [ab0ef68ff7afbed3] new proxy [[proxy]] type [tcp] error: proxy [[proxy]] already exists
2024-04-20 19:43:13.561 [W] [server/control.go:396] [ab0ef68ff7afbed3] new proxy [[proxy]] type [tcp] error: proxy [[proxy]] already exists
2024-04-20 19:43:21.826 [I] [server/service.go:575] [6f9a32008ed72ea6] client login info: ip [192.168.3.75:33938] version [0.57.0] hostname [] os [windows] arch [amd64]
2024-04-20 19:43:21.831 [W] [server/control.go:396] [6f9a32008ed72ea6] new proxy [[proxy]] type [tcp] error: proxy [[proxy]] already exists
2024-04-20 19:43:43.634 [W] [server/control.go:396] [ab0ef68ff7afbed3] new proxy [[proxy]] type [tcp] error: proxy [[proxy]] already exists
2024-04-20 19:44:13.701 [W] [server/control.go:396] [ab0ef68ff7afbed3] new proxy [[proxy]] type [tcp] error: proxy [[proxy]] already exists
2024-04-20 19:44:31.841 [I] [server/control.go:359] [6f9a32008ed72ea6] client exit success
2024-04-20 19:44:43.789 [W] [server/control.go:396] [ab0ef68ff7afbed3] new proxy [[proxy]] type [tcp] error: proxy [[proxy]] already exists
2024-04-20 19:45:13.858 [W] [server/control.go:396] [ab0ef68ff7afbed3] new proxy [[proxy]] type [tcp] error: proxy [[proxy]] already exists
2024-04-20 19:45:43.970 [W] [server/control.go:396] [ab0ef68ff7afbed3] new proxy [[proxy]] type [tcp] error: proxy [[proxy]] already exists
2024-04-20 19:46:14.055 [W] [server/control.go:396] [ab0ef68ff7afbed3] new proxy [[proxy]] type [tcp] error: proxy [[proxy]] already exists
2024-04-20 19:46:44.128 [W] [server/control.go:396] [ab0ef68ff7afbed3] new proxy [[proxy]] type [tcp] error: proxy [[proxy]] already exists
2024-04-20 19:46:45.594 [I] [server/service.go:575] [79f9dcb8332d2dae] client login info: ip [192.168.3.75:34002] version [0.57.0] hostname [] os [windows] arch [amd64]
2024-04-20 19:46:45.605 [W] [server/control.go:396] [79f9dcb8332d2dae] new proxy [[proxy]] type [tcp] error: proxy [[proxy]] already exists
2024-04-20 19:47:14.223 [W] [server/control.go:396] [ab0ef68ff7afbed3] new proxy [[proxy]] type [tcp] error: proxy [[proxy]] already exists
2024-04-20 19:47:44.274 [W] [server/control.go:396] [ab0ef68ff7afbed3] new proxy [[proxy]] type [tcp] error: proxy [[proxy]] already exists
2024-04-20 19:47:49.010 [I] [server/control.go:359] [79f9dcb8332d2dae] client exit success
2024-04-20 19:47:57.373 [I] [server/control.go:359] [ab0ef68ff7afbed3] client exit success
2024-04-20 19:48:05.987 [I] [server/service.go:575] [3d82cdbd330cba94] client login info: ip [192.168.3.75:34030] version [0.57.0] hostname [] os [windows] arch [amd64]
2024-04-20 19:48:05.995 [W] [server/control.go:396] [3d82cdbd330cba94] new proxy [[proxy]] type [tcp] error: proxy [[proxy]] already exists
2024-04-20 19:48:40.387 [W] [server/control.go:396] [3d82cdbd330cba94] new proxy [[proxy]] type [tcp] error: proxy [[proxy]] already exists
2024-04-20 19:49:15.991 [I] [server/control.go:359] [3d82cdbd330cba94] client exit success
2024-04-20 22:02:15.324 [I] [server/dashboard_api.go:368] Http request: [/api/traffic/[proxy]]
2024-04-20 22:02:15.324 [I] [server/dashboard_api.go:362] Http response [/api/traffic/[proxy]]: code [200]
2024-04-20 22:02:24.655 [I] [server/dashboard_api.go:109] Http request: [/api/serverinfo]
2024-04-20 22:02:24.655 [I] [server/dashboard_api.go:102] Http response [/api/serverinfo]: code [200]
2024-04-20 22:02:25.329 [I] [server/dashboard_api.go:109] Http request: [/api/serverinfo]
2024-04-20 22:02:25.330 [I] [server/dashboard_api.go:102] Http response [/api/serverinfo]: code [200]
2024-04-20 22:02:26.863 [I] [server/dashboard_api.go:228] Http request: [/api/proxy/tcp]
2024-04-20 22:02:26.863 [I] [server/dashboard_api.go:222] Http response [/api/proxy/tcp]: code [200]
2024-04-20 22:07:14.145 [I] [server/service.go:575] [f6eefd72286fe614] client login info: ip [192.168.3.75:42934] version [0.57.0] hostname [] os [windows] arch [amd64]
2024-04-20 22:07:14.155 [W] [server/control.go:396] [f6eefd72286fe614] new proxy [[proxy]] type [tcp] error: proxy [[proxy]] already exists
2024-04-20 22:07:20.900 [I] [server/control.go:359] [f6eefd72286fe614] client exit success
2024-04-20 22:07:34.726 [I] [server/service.go:575] [e012d1d73c846ad4] client login info: ip [192.168.3.75:42940] version [0.57.0] hostname [] os [windows] arch [amd64]
2024-04-20 22:07:34.740 [W] [server/control.go:396] [e012d1d73c846ad4] new proxy [[proxy]] type [tcp] error: proxy [[proxy]] already exists
2024-04-20 22:07:36.092 [I] [server/control.go:359] [e012d1d73c846ad4] client exit success
2024-04-20 22:07:38.460 [I] [server/service.go:575] [a0953dfde3fa7e74] client login info: ip [192.168.3.75:42942] version [0.57.0] hostname [] os [windows] arch [amd64]
2024-04-20 22:07:38.468 [W] [server/control.go:396] [a0953dfde3fa7e74] new proxy [[proxy]] type [tcp] error: proxy [[proxy]] already exists
2024-04-20 22:07:43.505 [I] [server/control.go:359] [a0953dfde3fa7e74] client exit success
2024-04-20 22:08:20.080 [I] [server/service.go:575] [a8dd9c91197f3f86] client login info: ip [192.168.3.75:42965] version [0.57.0] hostname [] os [windows] arch [amd64]
2024-04-20 22:08:20.092 [W] [server/control.go:396] [a8dd9c91197f3f86] new proxy [[proxy]] type [tcp] error: proxy [[proxy]] already exists
2024-04-20 22:08:24.434 [I] [server/control.go:359] [a8dd9c91197f3f86] client exit success
2024-04-20 22:15:20.693 [I] [server/service.go:575] [c76ca5f04ab68ba6] client login info: ip [192.168.3.75:43293] version [0.57.0] hostname [] os [windows] arch [amd64]
2024-04-20 22:15:20.716 [W] [server/control.go:396] [c76ca5f04ab68ba6] new proxy [[proxy]] type [tcp] error: proxy [[proxy]] already exists
2024-04-20 22:15:25.299 [I] [server/control.go:359] [c76ca5f04ab68ba6] client exit success
2024-04-20 22:16:51.901 [I] [server/service.go:575] [ef86b6d93c6e902e] client login info: ip [192.168.3.75:43332] version [0.57.0] hostname [] os [windows] arch [amd64]
2024-04-20 22:16:51.912 [W] [server/control.go:396] [ef86b6d93c6e902e] new proxy [[proxy]] type [tcp] error: proxy [[proxy]] already exists
2024-04-20 22:16:53.045 [I] [server/control.go:359] [ef86b6d93c6e902e] client exit success
2024-04-20 22:17:03.852 [I] [server/service.go:575] [ba6aa7e79f12a448] client login info: ip [192.168.3.75:43339] version [0.57.0] hostname [] os [windows] arch [amd64]
2024-04-20 22:17:07.615 [I] [server/control.go:359] [ba6aa7e79f12a448] client exit success
2024-04-20 22:17:10.909 [I] [server/service.go:575] [3eae998415908d2b] client login info: ip [192.168.3.75:43342] version [0.57.0] hostname [] os [windows] arch [amd64]
2024-04-20 22:17:14.546 [I] [server/control.go:359] [3eae998415908d2b] client exit success
2024-04-20 22:18:43.716 [I] [server/service.go:575] [a345ce65c5810802] client login info: ip [192.168.3.75:43388] version [0.57.0] hostname [] os [windows] arch [amd64]
2024-04-20 22:18:43.726 [W] [server/control.go:396] [a345ce65c5810802] new proxy [[proxy]] type [tcp] error: proxy [[proxy]] already exists
2024-04-20 22:18:47.045 [I] [server/control.go:359] [a345ce65c5810802] client exit success
2024-04-20 22:20:28.642 [I] [server/service.go:575] [eafbb023a8dbf808] client login info: ip [192.168.3.75:43456] version [0.57.0] hostname [] os [windows] arch [amd64]
2024-04-20 22:20:28.665 [I] [proxy/tcp.go:82] [eafbb023a8dbf808] [[proxies]] tcp proxy listen port [13390]
2024-04-20 22:20:28.665 [I] [server/control.go:401] [eafbb023a8dbf808] new proxy [[proxies]] type [tcp] success
2024-04-20 22:20:30.370 [I] [proxy/proxy.go:115] [eafbb023a8dbf808] [[proxies]] proxy closing
2024-04-20 22:20:30.371 [W] [proxy/proxy.go:201] [eafbb023a8dbf808] [[proxies]] listener is closed: accept tcp [::]:13390: use of closed network connection
2024-04-20 22:20:30.371 [I] [server/control.go:359] [eafbb023a8dbf808] client exit success
2024-04-20 22:20:47.638 [I] [proxy/proxy.go:115] [622310d2686e2a60] [[proxy]] proxy closing
2024-04-20 22:20:47.640 [W] [proxy/proxy.go:201] [622310d2686e2a60] [[proxy]] listener is closed: accept tcp [::]:13389: use of closed network connection
2024-04-20 22:20:47.640 [I] [server/control.go:359] [622310d2686e2a60] client exit success
2024-04-20 22:20:50.044 [I] [server/service.go:575] [fdd2b154bef6246e] client login info: ip [192.168.3.118:57655] version [0.57.0] hostname [] os [windows] arch [amd64]
2024-04-20 22:20:50.058 [I] [proxy/tcp.go:82] [fdd2b154bef6246e] [[proxies]] tcp proxy listen port [13389]
2024-04-20 22:20:50.058 [I] [server/control.go:401] [fdd2b154bef6246e] new proxy [[proxies]] type [tcp] success
2024-04-20 22:21:07.337 [I] [server/service.go:575] [ba8e97e6871e543c] client login info: ip [192.168.3.75:43486] version [0.57.0] hostname [] os [windows] arch [amd64]
2024-04-20 22:21:07.356 [W] [server/control.go:396] [ba8e97e6871e543c] new proxy [[proxies]] type [tcp] error: proxy [[proxies]] already exists
2024-04-20 22:21:20.408 [I] [server/control.go:359] [ba8e97e6871e543c] client exit success
2024-04-20 22:21:38.743 [I] [server/service.go:575] [c96c38fe97c196af] client login info: ip [192.168.3.75:43495] version [0.57.0] hostname [] os [windows] arch [amd64]
2024-04-20 22:21:38.763 [W] [server/control.go:396] [c96c38fe97c196af] new proxy [[proxies]] type [tcp] error: proxy [[proxies]] already exists
2024-04-20 22:21:42.158 [I] [server/control.go:359] [c96c38fe97c196af] client exit success
2024-04-20 22:23:25.121 [I] [server/service.go:575] [4947fd8a43b6236b] client login info: ip [192.168.3.75:43549] version [0.57.0] hostname [] os [windows] arch [amd64]
2024-04-20 22:23:25.143 [W] [server/control.go:396] [4947fd8a43b6236b] new proxy [[proxies]] type [tcp] error: proxy [[proxies]] already exists
2024-04-20 22:23:55.209 [W] [server/control.go:396] [4947fd8a43b6236b] new proxy [[proxies]] type [tcp] error: proxy [[proxies]] already exists
2024-04-20 22:24:25.283 [W] [server/control.go:396] [4947fd8a43b6236b] new proxy [[proxies]] type [tcp] error: proxy [[proxies]] already exists
2024-04-20 22:24:27.611 [I] [server/control.go:359] [4947fd8a43b6236b] client exit success
2024-04-20 22:27:26.027 [I] [frps/root.go:105] frps uses config file: .\frps.toml
2024-04-20 22:27:26.250 [I] [server/service.go:237] frps tcp listen on 0.0.0.0:7000
2024-04-20 22:27:26.250 [I] [frps/root.go:114] frps started successfully
2024-04-20 22:27:26.250 [I] [server/service.go:350] dashboard listen on 0.0.0.0:7500
2024-04-20 22:27:26.766 [I] [server/service.go:575] [fdd2b154bef6246e] client login info: ip [192.168.3.118:57733] version [0.57.0] hostname [] os [windows] arch [amd64]
2024-04-20 22:27:26.777 [I] [proxy/tcp.go:82] [fdd2b154bef6246e] [[proxies]] tcp proxy listen port [13389]
2024-04-20 22:27:26.777 [I] [server/control.go:401] [fdd2b154bef6246e] new proxy [[proxies]] type [tcp] success
2024-04-20 23:33:52.978 [I] [frps/root.go:105] frps uses config file: .\frps.toml
2024-04-20 23:33:52.999 [I] [server/service.go:193] plugin [user-manager] has been registered
2024-04-20 23:33:52.999 [I] [server/service.go:193] plugin [port-manager] has been registered
2024-04-20 23:33:53.002 [I] [server/service.go:237] frps tcp listen on 0.0.0.0:7000
2024-04-20 23:33:53.003 [I] [server/service.go:246] frps kcp listen on udp 0.0.0.0:7000
2024-04-20 23:33:53.006 [I] [server/service.go:304] http service listen on 0.0.0.0:80
2024-04-20 23:33:53.009 [I] [server/service.go:318] https service listen on 0.0.0.0:443
2024-04-20 23:33:53.010 [I] [frps/root.go:114] frps started successfully
2024-04-20 23:33:53.010 [I] [server/service.go:350] dashboard listen on 127.0.0.1:7500
